<?xml version="1.0" encoding="UTF-8"?>
<testsuites>
  <testsuite name="Hello Name" tests="1" assertions="1" failures="0" errors="0" time="0.012590">
    <testsuite name="Tests\Integration\DocumentTest" file="/vagrant/payload/tests/integration/document/DocumentTest.php" tests="1" assertions="1" failures="0" errors="0" time="0.012590">
      <testcase name="testLoaderLoadFile" class="Tests\Integration\DocumentTest" file="/vagrant/payload/tests/integration/document/DocumentTest.php" line="9" assertions="1" time="0.012590"/>
    </testsuite>
  </testsuite>
</testsuites>
